<?xml version="1.0" encoding="UTF-8"?>
<testsuite name="htwberlin.Webtechnologien.WebtechnologienApplicationTests" tests="1" skipped="0" failures="0" errors="0" timestamp="2023-10-18T13:44:02" hostname="MacBook-Pro-von-Debora.local" time="0.381">
  <properties/>
  <testcase name="contextLoads()" classname="htwberlin.Webtechnologien.WebtechnologienApplicationTests" time="0.381"/>
  <system-out><![CDATA[15:44:01.930 [Test worker] INFO org.springframework.test.context.support.AnnotationConfigContextLoaderUtils -- Could not detect default configuration classes for test class [htwberlin.Webtechnologien.WebtechnologienApplicationTests]: WebtechnologienApplicationTests does not declare any static, non-private, non-final, nested classes annotated with @Configuration.
15:44:01.969 [Test worker] INFO org.springframework.boot.test.context.SpringBootTestContextBootstrapper -- Found @SpringBootConfiguration htwberlin.Webtechnologien.WebtechnologienApplication for test class htwberlin.Webtechnologien.WebtechnologienApplicationTests

  .   ____          _            __ _ _
 /\\ / ___'_ __ _ _(_)_ __  __ _ \ \ \ \
( ( )\___ | '_ | '_| | '_ \/ _` | \ \ \ \
 \\/  ___)| |_)| | | | | || (_| |  ) ) ) )
  '  |____| .__|_| |_|_| |_\__, | / / / /
 =========|_|==============|___/=/_/_/_/
 :: Spring Boot ::                (v3.1.4)

2023-10-18T15:44:02.092+02:00  INFO 64855 --- [    Test worker] h.W.WebtechnologienApplicationTests      : Starting WebtechnologienApplicationTests using Java 17.0.5 with PID 64855 (started by deboramincheva in /Users/deboramincheva/IdeaProjects/TindFood)
2023-10-18T15:44:02.093+02:00  INFO 64855 --- [    Test worker] h.W.WebtechnologienApplicationTests      : No active profile set, falling back to 1 default profile: "default"
2023-10-18T15:44:02.424+02:00  INFO 64855 --- [    Test worker] h.W.WebtechnologienApplicationTests      : Started WebtechnologienApplicationTests in 0.405 seconds (process running for 0.844)
]]></system-out>
  <system-err><![CDATA[]]></system-err>
</testsuite>
